Running on H4H cluster
Provided cluster nodes: 20
Unlimited resources: cpus, mem_mb, time_min
Job counts:
	count	jobs
	1	all
	1	plot
	2

rule plot:
    input: /cluster/projects/scottgroup/people/lucas/deeptools-pipeline/results/subsampled_k27_fwd_RPKM_1M/matrices/subsampled_k27_fwd_RPKM_1M.3UCSC_CpG_islands_plus_shores.bed.refpoint_a10000b5000_TSS.matrix.gz
    output: /cluster/projects/scottgroup/people/lucas/deeptools-pipeline/results/subsampled_k27_fwd_RPKM_1M/plots/subsampled_k27_fwd_RPKM_1M.3UCSC_CpG_islands_plus_shores.bed.refpoint_a10000b5000_TSS.matrix_plot.pdf
    jobid: 1
    wildcards: cohort=subsampled_k27_fwd_RPKM_1M, bed=3UCSC_CpG_islands_plus_shores.bed, identifier=refpoint_a10000b5000_TSS
    resources: cpus=1, mem_mb=10000, time_min=60


        plotHeatmap --colorMap Blues         -m /cluster/projects/scottgroup/people/lucas/deeptools-pipeline/results/subsampled_k27_fwd_RPKM_1M/matrices/subsampled_k27_fwd_RPKM_1M.3UCSC_CpG_islands_plus_shores.bed.refpoint_a10000b5000_TSS.matrix.gz         -o /cluster/projects/scottgroup/people/lucas/deeptools-pipeline/results/subsampled_k27_fwd_RPKM_1M/plots/subsampled_k27_fwd_RPKM_1M.3UCSC_CpG_islands_plus_shores.bed.refpoint_a10000b5000_TSS.matrix_plot.pdf
        
Finished job 1.
1 of 2 steps (50%) done

localrule all:
    input: /cluster/projects/scottgroup/people/lucas/deeptools-pipeline/results/subsampled_k27_fwd_RPKM_1M/plots/subsampled_k27_fwd_RPKM_1M.3UCSC_CpG_islands_plus_shores.bed.refpoint_a10000b5000_TSS.matrix_plot.pdf, /cluster/projects/scottgroup/people/lucas/deeptools-pipeline/results/subsampled_k27_fwd_RPKM_1M/plots/subsampled_k27_fwd_RPKM_1M.OLD1HG38_TSS+TES_ProteinCodingGenes.bed.refpoint_a10000b5000_TSS.matrix_plot.pdf, /cluster/projects/scottgroup/people/lucas/deeptools-pipeline/results/subsampled_k27_fwd_RPKM_1M/plots/subsampled_k27_fwd_RPKM_1M.1HG38_TSS+TES_ProteinCodingGenes.bed.refpoint_a10000b5000_TSS.matrix_plot.pdf, /cluster/projects/scottgroup/people/lucas/deeptools-pipeline/results/subsampled_k27_fwd_RPKM_1M/plots/subsampled_k27_fwd_RPKM_1M.3UCSC_CpG_islands_plus_shores.bed.refpoint_a10000b5000_TSS.matrix_plot.pdf, /cluster/projects/scottgroup/people/lucas/deeptools-pipeline/results/subsampled_k27_fwd_RPKM_1M/plots/subsampled_k27_fwd_RPKM_1M.OLD1HG38_TSS+TES_ProteinCodingGenes.bed.refpoint_a10000b5000_TSS.matrix_plot.pdf, /cluster/projects/scottgroup/people/lucas/deeptools-pipeline/results/subsampled_k27_fwd_RPKM_1M/plots/subsampled_k27_fwd_RPKM_1M.1HG38_TSS+TES_ProteinCodingGenes.bed.refpoint_a10000b5000_TSS.matrix_plot.pdf, /cluster/projects/scottgroup/people/lucas/deeptools-pipeline/results/subsampled_k27_fwd_RPKM_1M/plots/subsampled_k27_fwd_RPKM_1M.3UCSC_CpG_islands_plus_shores.bed.refpoint_a10000b5000_TSS.matrix_plot.pdf, /cluster/projects/scottgroup/people/lucas/deeptools-pipeline/results/subsampled_k27_fwd_RPKM_1M/plots/subsampled_k27_fwd_RPKM_1M.OLD1HG38_TSS+TES_ProteinCodingGenes.bed.refpoint_a10000b5000_TSS.matrix_plot.pdf, /cluster/projects/scottgroup/people/lucas/deeptools-pipeline/results/subsampled_k27_fwd_RPKM_1M/plots/subsampled_k27_fwd_RPKM_1M.1HG38_TSS+TES_ProteinCodingGenes.bed.refpoint_a10000b5000_TSS.matrix_plot.pdf, /cluster/projects/scottgroup/people/lucas/deeptools-pipeline/results/subsampled_k27_fwd_RPKM_1M/plots/subsampled_k27_fwd_RPKM_1M.3UCSC_CpG_islands_plus_shores.bed.refpoint_a10000b5000_TSS.matrix_plot.pdf, /cluster/projects/scottgroup/people/lucas/deeptools-pipeline/results/subsampled_k27_fwd_RPKM_1M/plots/subsampled_k27_fwd_RPKM_1M.OLD1HG38_TSS+TES_ProteinCodingGenes.bed.refpoint_a10000b5000_TSS.matrix_plot.pdf, /cluster/projects/scottgroup/people/lucas/deeptools-pipeline/results/subsampled_k27_fwd_RPKM_1M/plots/subsampled_k27_fwd_RPKM_1M.1HG38_TSS+TES_ProteinCodingGenes.bed.refpoint_a10000b5000_TSS.matrix_plot.pdf
    jobid: 0
    resources: cpus=2, mem_mb=25000, time_min=180

Finished job 0.
2 of 2 steps (100%) done
