Running on H4H cluster
Building DAG of jobs...
Using shell: /usr/bin/bash
Provided cluster nodes: 15
Job counts:
	count	jobs
	1	all
	4	plot
	5

[Thu Feb  2 21:39:21 2023]
rule plot:
    input: /cluster/projects/scottgroup/people/lucas/deeptools-pipeline/results/subsampled_k4_fwd_noRPKM/matrices/subsampled_k4_fwd_noRPKM_refpoint_a10000b5000_TSS.matrix.gz
    output: /cluster/projects/scottgroup/people/lucas/deeptools-pipeline/results/subsampled_k4_fwd_noRPKM/plots/subsampled_k4_fwd_noRPKM_refpoint_a10000b5000_TSS.matrix_plot.pdf
    jobid: 4
    wildcards: cohort=subsampled_k4_fwd_noRPKM, identifier=refpoint_a10000b5000_TSS
    resources: cpus=1, mem_mb=5000, time_min=60


        --colorMap Blues         -m /cluster/projects/scottgroup/people/lucas/deeptools-pipeline/results/subsampled_k4_fwd_noRPKM/matrices/subsampled_k4_fwd_noRPKM_refpoint_a10000b5000_TSS.matrix.gz         -o /cluster/projects/scottgroup/people/lucas/deeptools-pipeline/results/subsampled_k4_fwd_noRPKM/plots/subsampled_k4_fwd_noRPKM_refpoint_a10000b5000_TSS.matrix_plot.pdf
        
Submitted job 4 with external jobid 'Submitted batch job 7896794'.

[Thu Feb  2 21:39:21 2023]
rule plot:
    input: /cluster/projects/scottgroup/people/lucas/deeptools-pipeline/results/subsampled_k27_fwd_noRPKM/matrices/subsampled_k27_fwd_noRPKM_refpoint_a10000b5000_TSS.matrix.gz
    output: /cluster/projects/scottgroup/people/lucas/deeptools-pipeline/results/subsampled_k27_fwd_noRPKM/plots/subsampled_k27_fwd_noRPKM_refpoint_a10000b5000_TSS.matrix_plot.pdf
    jobid: 2
    wildcards: cohort=subsampled_k27_fwd_noRPKM, identifier=refpoint_a10000b5000_TSS
    resources: cpus=1, mem_mb=5000, time_min=60


        --colorMap Blues         -m /cluster/projects/scottgroup/people/lucas/deeptools-pipeline/results/subsampled_k27_fwd_noRPKM/matrices/subsampled_k27_fwd_noRPKM_refpoint_a10000b5000_TSS.matrix.gz         -o /cluster/projects/scottgroup/people/lucas/deeptools-pipeline/results/subsampled_k27_fwd_noRPKM/plots/subsampled_k27_fwd_noRPKM_refpoint_a10000b5000_TSS.matrix_plot.pdf
        
Submitted job 2 with external jobid 'Submitted batch job 7896795'.

[Thu Feb  2 21:39:21 2023]
rule plot:
    input: /cluster/projects/scottgroup/people/lucas/deeptools-pipeline/results/subsampled_k4_fwd_RPKM/matrices/subsampled_k4_fwd_RPKM_refpoint_a10000b5000_TSS.matrix.gz
    output: /cluster/projects/scottgroup/people/lucas/deeptools-pipeline/results/subsampled_k4_fwd_RPKM/plots/subsampled_k4_fwd_RPKM_refpoint_a10000b5000_TSS.matrix_plot.pdf
    jobid: 3
    wildcards: cohort=subsampled_k4_fwd_RPKM, identifier=refpoint_a10000b5000_TSS
    resources: cpus=1, mem_mb=5000, time_min=60


        --colorMap Blues         -m /cluster/projects/scottgroup/people/lucas/deeptools-pipeline/results/subsampled_k4_fwd_RPKM/matrices/subsampled_k4_fwd_RPKM_refpoint_a10000b5000_TSS.matrix.gz         -o /cluster/projects/scottgroup/people/lucas/deeptools-pipeline/results/subsampled_k4_fwd_RPKM/plots/subsampled_k4_fwd_RPKM_refpoint_a10000b5000_TSS.matrix_plot.pdf
        
Submitted job 3 with external jobid 'Submitted batch job 7896796'.

[Thu Feb  2 21:39:21 2023]
rule plot:
    input: /cluster/projects/scottgroup/people/lucas/deeptools-pipeline/results/subsampled_k27_fwd_RPKM/matrices/subsampled_k27_fwd_RPKM_refpoint_a10000b5000_TSS.matrix.gz
    output: /cluster/projects/scottgroup/people/lucas/deeptools-pipeline/results/subsampled_k27_fwd_RPKM/plots/subsampled_k27_fwd_RPKM_refpoint_a10000b5000_TSS.matrix_plot.pdf
    jobid: 1
    wildcards: cohort=subsampled_k27_fwd_RPKM, identifier=refpoint_a10000b5000_TSS
    resources: cpus=1, mem_mb=5000, time_min=60


        --colorMap Blues         -m /cluster/projects/scottgroup/people/lucas/deeptools-pipeline/results/subsampled_k27_fwd_RPKM/matrices/subsampled_k27_fwd_RPKM_refpoint_a10000b5000_TSS.matrix.gz         -o /cluster/projects/scottgroup/people/lucas/deeptools-pipeline/results/subsampled_k27_fwd_RPKM/plots/subsampled_k27_fwd_RPKM_refpoint_a10000b5000_TSS.matrix_plot.pdf
        
Submitted job 1 with external jobid 'Submitted batch job 7896797'.
[Thu Feb  2 21:40:01 2023]
Error in rule plot:
    jobid: 4
    output: /cluster/projects/scottgroup/people/lucas/deeptools-pipeline/results/subsampled_k4_fwd_noRPKM/plots/subsampled_k4_fwd_noRPKM_refpoint_a10000b5000_TSS.matrix_plot.pdf
    shell:
        
        --colorMap Blues         -m /cluster/projects/scottgroup/people/lucas/deeptools-pipeline/results/subsampled_k4_fwd_noRPKM/matrices/subsampled_k4_fwd_noRPKM_refpoint_a10000b5000_TSS.matrix.gz         -o /cluster/projects/scottgroup/people/lucas/deeptools-pipeline/results/subsampled_k4_fwd_noRPKM/plots/subsampled_k4_fwd_noRPKM_refpoint_a10000b5000_TSS.matrix_plot.pdf
        
        (one of the commands exited with non-zero exit code; note that snakemake uses bash strict mode!)
    cluster_jobid: Submitted batch job 7896794

Error executing rule plot on cluster (jobid: 4, external: Submitted batch job 7896794, jobscript: /cluster/home/t116306uhn/workflows/deeptools-pipeline/.snakemake/tmp.2x1h58ka/snakejob.plot.4.sh). For error details see the cluster log and the log files of the involved rule(s).
[Thu Feb  2 21:40:01 2023]
Error in rule plot:
    jobid: 2
    output: /cluster/projects/scottgroup/people/lucas/deeptools-pipeline/results/subsampled_k27_fwd_noRPKM/plots/subsampled_k27_fwd_noRPKM_refpoint_a10000b5000_TSS.matrix_plot.pdf
    shell:
        
        --colorMap Blues         -m /cluster/projects/scottgroup/people/lucas/deeptools-pipeline/results/subsampled_k27_fwd_noRPKM/matrices/subsampled_k27_fwd_noRPKM_refpoint_a10000b5000_TSS.matrix.gz         -o /cluster/projects/scottgroup/people/lucas/deeptools-pipeline/results/subsampled_k27_fwd_noRPKM/plots/subsampled_k27_fwd_noRPKM_refpoint_a10000b5000_TSS.matrix_plot.pdf
        
        (one of the commands exited with non-zero exit code; note that snakemake uses bash strict mode!)
    cluster_jobid: Submitted batch job 7896795

Error executing rule plot on cluster (jobid: 2, external: Submitted batch job 7896795, jobscript: /cluster/home/t116306uhn/workflows/deeptools-pipeline/.snakemake/tmp.2x1h58ka/snakejob.plot.2.sh). For error details see the cluster log and the log files of the involved rule(s).
[Thu Feb  2 21:40:01 2023]
Error in rule plot:
    jobid: 3
    output: /cluster/projects/scottgroup/people/lucas/deeptools-pipeline/results/subsampled_k4_fwd_RPKM/plots/subsampled_k4_fwd_RPKM_refpoint_a10000b5000_TSS.matrix_plot.pdf
    shell:
        
        --colorMap Blues         -m /cluster/projects/scottgroup/people/lucas/deeptools-pipeline/results/subsampled_k4_fwd_RPKM/matrices/subsampled_k4_fwd_RPKM_refpoint_a10000b5000_TSS.matrix.gz         -o /cluster/projects/scottgroup/people/lucas/deeptools-pipeline/results/subsampled_k4_fwd_RPKM/plots/subsampled_k4_fwd_RPKM_refpoint_a10000b5000_TSS.matrix_plot.pdf
        
        (one of the commands exited with non-zero exit code; note that snakemake uses bash strict mode!)
    cluster_jobid: Submitted batch job 7896796

Error executing rule plot on cluster (jobid: 3, external: Submitted batch job 7896796, jobscript: /cluster/home/t116306uhn/workflows/deeptools-pipeline/.snakemake/tmp.2x1h58ka/snakejob.plot.3.sh). For error details see the cluster log and the log files of the involved rule(s).
[Thu Feb  2 21:40:01 2023]
Error in rule plot:
    jobid: 1
    output: /cluster/projects/scottgroup/people/lucas/deeptools-pipeline/results/subsampled_k27_fwd_RPKM/plots/subsampled_k27_fwd_RPKM_refpoint_a10000b5000_TSS.matrix_plot.pdf
    shell:
        
        --colorMap Blues         -m /cluster/projects/scottgroup/people/lucas/deeptools-pipeline/results/subsampled_k27_fwd_RPKM/matrices/subsampled_k27_fwd_RPKM_refpoint_a10000b5000_TSS.matrix.gz         -o /cluster/projects/scottgroup/people/lucas/deeptools-pipeline/results/subsampled_k27_fwd_RPKM/plots/subsampled_k27_fwd_RPKM_refpoint_a10000b5000_TSS.matrix_plot.pdf
        
        (one of the commands exited with non-zero exit code; note that snakemake uses bash strict mode!)
    cluster_jobid: Submitted batch job 7896797

Error executing rule plot on cluster (jobid: 1, external: Submitted batch job 7896797, jobscript: /cluster/home/t116306uhn/workflows/deeptools-pipeline/.snakemake/tmp.2x1h58ka/snakejob.plot.1.sh). For error details see the cluster log and the log files of the involved rule(s).
Shutting down, this might take some time.
Exiting because a job execution failed. Look above for error message
Complete log: /cluster/home/t116306uhn/workflows/deeptools-pipeline/.snakemake/log/2023-02-02T213917.471608.snakemake.log
