Running on H4H cluster
Provided cluster nodes: 15
Unlimited resources: time_min, mem_mb, cpus
Job counts:
	count	jobs
	1	all
	12	bamCoverage
	4	compute_matrix_cohort
	4	plot
	21

rule bamCoverage:
    input: /cluster/projects/scottgroup/people/lucas/cfChIP-seq_Steven/2.merged_bam/bam_downsampled/merged_K4me3_SUDHL6.bam
    output: /cluster/projects/scottgroup/people/lucas/deeptools-pipeline/results/subsampled_k4_fwd_noRPKM/bw/mediak4downsample.bw
    jobid: 16
    wildcards: cohort=subsampled_k4_fwd_noRPKM, sample=mediak4downsample
    resources: cpus=2, mem_mb=30000, time_min=180


rule bamCoverage:
    input: /cluster/projects/scottgroup/people/lucas/cfChIP-seq_Steven/2.merged_bam/bam_downsampled/plasma_HHP3_k27me3_S3_dedup_downsamples.bam
    output: /cluster/projects/scottgroup/people/lucas/deeptools-pipeline/results/subsampled_k27_fwd_RPKM/bw/plasmak27downsample.bw
    jobid: 13
    wildcards: cohort=subsampled_k27_fwd_RPKM, sample=plasmak27downsample
    resources: cpus=2, mem_mb=30000, time_min=180


rule bamCoverage:
    input: /cluster/projects/scottgroup/people/lucas/cfChIP-seq_Steven/2.merged_bam/bam_downsampled/merged_K4me3_SUDHL6.bam
    output: /cluster/projects/scottgroup/people/lucas/deeptools-pipeline/results/subsampled_k4_fwd_RPKM/bw/mediak4downsample.bw
    jobid: 11
    wildcards: cohort=subsampled_k4_fwd_RPKM, sample=mediak4downsample
    resources: cpus=2, mem_mb=30000, time_min=180


rule bamCoverage:
    input: /cluster/projects/scottgroup/people/lucas/cfChIP-seq_Steven/2.merged_bam/bam_downsampled/plasma_HHP3_k27me3_S3_dedup_downsamples.bam
    output: /cluster/projects/scottgroup/people/lucas/deeptools-pipeline/results/subsampled_k27_fwd_noRPKM/bw/plasmak27downsample.bw
    jobid: 20
    wildcards: cohort=subsampled_k27_fwd_noRPKM, sample=plasmak27downsample
    resources: cpus=2, mem_mb=30000, time_min=180


rule bamCoverage:
    input: /cluster/projects/scottgroup/people/lucas/cfChIP-seq_Steven/2.merged_bam/bam_downsampled/merged_k27me3_SUDHL6_downsampled.bam
    output: /cluster/projects/scottgroup/people/lucas/deeptools-pipeline/results/subsampled_k27_fwd_noRPKM/bw/mediak27downsample.bw
    jobid: 19
    wildcards: cohort=subsampled_k27_fwd_noRPKM, sample=mediak27downsample
    resources: cpus=2, mem_mb=30000, time_min=180


rule bamCoverage:
    input: /cluster/projects/scottgroup/people/lucas/cfChIP-seq_Steven/2.merged_bam/bam_downsampled/H3K27me3_SUDHL6_ENCODE_ENCFF527XMY_downsampled.bam
    output: /cluster/projects/scottgroup/people/lucas/deeptools-pipeline/results/subsampled_k27_fwd_RPKM/bw/ENCODEk27downsample.bw
    jobid: 14
    wildcards: cohort=subsampled_k27_fwd_RPKM, sample=ENCODEk27downsample
    resources: cpus=2, mem_mb=30000, time_min=180


rule bamCoverage:
    input: /cluster/projects/scottgroup/people/lucas/cfChIP-seq_Steven/2.merged_bam/bam_downsampled/plasma_hhp3_h3k4me3_dedup_downsampled.bam
    output: /cluster/projects/scottgroup/people/lucas/deeptools-pipeline/results/subsampled_k4_fwd_noRPKM/bw/plasmak4downsample.bw
    jobid: 17
    wildcards: cohort=subsampled_k4_fwd_noRPKM, sample=plasmak4downsample
    resources: cpus=2, mem_mb=30000, time_min=180


rule bamCoverage:
    input: /cluster/projects/scottgroup/people/lucas/cfChIP-seq_Steven/2.merged_bam/bam_downsampled/H3K4me3_SUDHL6_ENCODE_ENCFF077XGD_downsampled.bam
    output: /cluster/projects/scottgroup/people/lucas/deeptools-pipeline/results/subsampled_k4_fwd_RPKM/bw/ENCODEk4downsample.bw
    jobid: 10
    wildcards: cohort=subsampled_k4_fwd_RPKM, sample=ENCODEk4downsample
    resources: cpus=2, mem_mb=30000, time_min=180


rule bamCoverage:
    input: /cluster/projects/scottgroup/people/lucas/cfChIP-seq_Steven/2.merged_bam/bam_downsampled/merged_k27me3_SUDHL6_downsampled.bam
    output: /cluster/projects/scottgroup/people/lucas/deeptools-pipeline/results/subsampled_k27_fwd_RPKM/bw/mediak27downsample.bw
    jobid: 12
    wildcards: cohort=subsampled_k27_fwd_RPKM, sample=mediak27downsample
    resources: cpus=2, mem_mb=30000, time_min=180


rule bamCoverage:
    input: /cluster/projects/scottgroup/people/lucas/cfChIP-seq_Steven/2.merged_bam/bam_downsampled/H3K4me3_SUDHL6_ENCODE_ENCFF077XGD_downsampled.bam
    output: /cluster/projects/scottgroup/people/lucas/deeptools-pipeline/results/subsampled_k4_fwd_noRPKM/bw/ENCODEk4downsample.bw
    jobid: 15
    wildcards: cohort=subsampled_k4_fwd_noRPKM, sample=ENCODEk4downsample
    resources: cpus=2, mem_mb=30000, time_min=180


rule bamCoverage:
    input: /cluster/projects/scottgroup/people/lucas/cfChIP-seq_Steven/2.merged_bam/bam_downsampled/plasma_hhp3_h3k4me3_dedup_downsampled.bam
    output: /cluster/projects/scottgroup/people/lucas/deeptools-pipeline/results/subsampled_k4_fwd_RPKM/bw/plasmak4downsample.bw
    jobid: 9
    wildcards: cohort=subsampled_k4_fwd_RPKM, sample=plasmak4downsample
    resources: cpus=2, mem_mb=30000, time_min=180


rule bamCoverage:
    input: /cluster/projects/scottgroup/people/lucas/cfChIP-seq_Steven/2.merged_bam/bam_downsampled/H3K27me3_SUDHL6_ENCODE_ENCFF527XMY_downsampled.bam
    output: /cluster/projects/scottgroup/people/lucas/deeptools-pipeline/results/subsampled_k27_fwd_noRPKM/bw/ENCODEk27downsample.bw
    jobid: 18
    wildcards: cohort=subsampled_k27_fwd_noRPKM, sample=ENCODEk27downsample
    resources: cpus=2, mem_mb=30000, time_min=180

Error in job bamCoverage while creating output file /cluster/projects/scottgroup/people/lucas/deeptools-pipeline/results/subsampled_k4_fwd_noRPKM/bw/mediak4downsample.bw.
ClusterJobException in line 101 of /cluster/home/t116306uhn/workflows/deeptools-pipeline/Snakefile:
Error executing rule bamCoverage on cluster (jobid: 16, external: Submitted batch job 7896381, jobscript: /cluster/home/t116306uhn/workflows/deeptools-pipeline/.snakemake/tmp.domwtdoh/snakejob.bamCoverage.16.sh). For detailed error see the cluster log.
Will exit after finishing currently running jobs.
Error in job bamCoverage while creating output file /cluster/projects/scottgroup/people/lucas/deeptools-pipeline/results/subsampled_k27_fwd_RPKM/bw/plasmak27downsample.bw.
ClusterJobException in line 101 of /cluster/home/t116306uhn/workflows/deeptools-pipeline/Snakefile:
Error executing rule bamCoverage on cluster (jobid: 13, external: Submitted batch job 7896382, jobscript: /cluster/home/t116306uhn/workflows/deeptools-pipeline/.snakemake/tmp.domwtdoh/snakejob.bamCoverage.13.sh). For detailed error see the cluster log.
Will exit after finishing currently running jobs.
Error in job bamCoverage while creating output file /cluster/projects/scottgroup/people/lucas/deeptools-pipeline/results/subsampled_k4_fwd_RPKM/bw/mediak4downsample.bw.
ClusterJobException in line 101 of /cluster/home/t116306uhn/workflows/deeptools-pipeline/Snakefile:
Error executing rule bamCoverage on cluster (jobid: 11, external: Submitted batch job 7896383, jobscript: /cluster/home/t116306uhn/workflows/deeptools-pipeline/.snakemake/tmp.domwtdoh/snakejob.bamCoverage.11.sh). For detailed error see the cluster log.
Will exit after finishing currently running jobs.
Error in job bamCoverage while creating output file /cluster/projects/scottgroup/people/lucas/deeptools-pipeline/results/subsampled_k27_fwd_noRPKM/bw/plasmak27downsample.bw.
ClusterJobException in line 101 of /cluster/home/t116306uhn/workflows/deeptools-pipeline/Snakefile:
Error executing rule bamCoverage on cluster (jobid: 20, external: Submitted batch job 7896384, jobscript: /cluster/home/t116306uhn/workflows/deeptools-pipeline/.snakemake/tmp.domwtdoh/snakejob.bamCoverage.20.sh). For detailed error see the cluster log.
Will exit after finishing currently running jobs.
Error in job bamCoverage while creating output file /cluster/projects/scottgroup/people/lucas/deeptools-pipeline/results/subsampled_k27_fwd_noRPKM/bw/mediak27downsample.bw.
ClusterJobException in line 101 of /cluster/home/t116306uhn/workflows/deeptools-pipeline/Snakefile:
Error executing rule bamCoverage on cluster (jobid: 19, external: Submitted batch job 7896385, jobscript: /cluster/home/t116306uhn/workflows/deeptools-pipeline/.snakemake/tmp.domwtdoh/snakejob.bamCoverage.19.sh). For detailed error see the cluster log.
Will exit after finishing currently running jobs.
Error in job bamCoverage while creating output file /cluster/projects/scottgroup/people/lucas/deeptools-pipeline/results/subsampled_k27_fwd_RPKM/bw/ENCODEk27downsample.bw.
ClusterJobException in line 101 of /cluster/home/t116306uhn/workflows/deeptools-pipeline/Snakefile:
Error executing rule bamCoverage on cluster (jobid: 14, external: Submitted batch job 7896386, jobscript: /cluster/home/t116306uhn/workflows/deeptools-pipeline/.snakemake/tmp.domwtdoh/snakejob.bamCoverage.14.sh). For detailed error see the cluster log.
Will exit after finishing currently running jobs.
Error in job bamCoverage while creating output file /cluster/projects/scottgroup/people/lucas/deeptools-pipeline/results/subsampled_k4_fwd_noRPKM/bw/plasmak4downsample.bw.
ClusterJobException in line 101 of /cluster/home/t116306uhn/workflows/deeptools-pipeline/Snakefile:
Error executing rule bamCoverage on cluster (jobid: 17, external: Submitted batch job 7896387, jobscript: /cluster/home/t116306uhn/workflows/deeptools-pipeline/.snakemake/tmp.domwtdoh/snakejob.bamCoverage.17.sh). For detailed error see the cluster log.
Will exit after finishing currently running jobs.
Error in job bamCoverage while creating output file /cluster/projects/scottgroup/people/lucas/deeptools-pipeline/results/subsampled_k4_fwd_RPKM/bw/ENCODEk4downsample.bw.
ClusterJobException in line 101 of /cluster/home/t116306uhn/workflows/deeptools-pipeline/Snakefile:
Error executing rule bamCoverage on cluster (jobid: 10, external: Submitted batch job 7896388, jobscript: /cluster/home/t116306uhn/workflows/deeptools-pipeline/.snakemake/tmp.domwtdoh/snakejob.bamCoverage.10.sh). For detailed error see the cluster log.
Will exit after finishing currently running jobs.
Error in job bamCoverage while creating output file /cluster/projects/scottgroup/people/lucas/deeptools-pipeline/results/subsampled_k27_fwd_RPKM/bw/mediak27downsample.bw.
ClusterJobException in line 101 of /cluster/home/t116306uhn/workflows/deeptools-pipeline/Snakefile:
Error executing rule bamCoverage on cluster (jobid: 12, external: Submitted batch job 7896389, jobscript: /cluster/home/t116306uhn/workflows/deeptools-pipeline/.snakemake/tmp.domwtdoh/snakejob.bamCoverage.12.sh). For detailed error see the cluster log.
Will exit after finishing currently running jobs.
Error in job bamCoverage while creating output file /cluster/projects/scottgroup/people/lucas/deeptools-pipeline/results/subsampled_k4_fwd_noRPKM/bw/ENCODEk4downsample.bw.
ClusterJobException in line 101 of /cluster/home/t116306uhn/workflows/deeptools-pipeline/Snakefile:
Error executing rule bamCoverage on cluster (jobid: 15, external: Submitted batch job 7896390, jobscript: /cluster/home/t116306uhn/workflows/deeptools-pipeline/.snakemake/tmp.domwtdoh/snakejob.bamCoverage.15.sh). For detailed error see the cluster log.
Will exit after finishing currently running jobs.
Error in job bamCoverage while creating output file /cluster/projects/scottgroup/people/lucas/deeptools-pipeline/results/subsampled_k4_fwd_RPKM/bw/plasmak4downsample.bw.
ClusterJobException in line 101 of /cluster/home/t116306uhn/workflows/deeptools-pipeline/Snakefile:
Error executing rule bamCoverage on cluster (jobid: 9, external: Submitted batch job 7896391, jobscript: /cluster/home/t116306uhn/workflows/deeptools-pipeline/.snakemake/tmp.domwtdoh/snakejob.bamCoverage.9.sh). For detailed error see the cluster log.
Will exit after finishing currently running jobs.
Error in job bamCoverage while creating output file /cluster/projects/scottgroup/people/lucas/deeptools-pipeline/results/subsampled_k27_fwd_noRPKM/bw/ENCODEk27downsample.bw.
ClusterJobException in line 101 of /cluster/home/t116306uhn/workflows/deeptools-pipeline/Snakefile:
Error executing rule bamCoverage on cluster (jobid: 18, external: Submitted batch job 7896392, jobscript: /cluster/home/t116306uhn/workflows/deeptools-pipeline/.snakemake/tmp.domwtdoh/snakejob.bamCoverage.18.sh). For detailed error see the cluster log.
Will exit after finishing currently running jobs.
Exiting because a job execution failed. Look above for error message
