Building DAG of jobs...
Using shell: /usr/bin/bash
Provided cluster nodes: 15
Job counts:
	count	jobs
	1	all
	4	plot
	5

[Thu Feb  2 21:41:22 2023]
rule plot:
    input: /cluster/projects/scottgroup/people/lucas/deeptools-pipeline/results/subsampled_k4_fwd_noRPKM/matrices/subsampled_k4_fwd_noRPKM_refpoint_a10000b5000_TSS.matrix.gz
    output: /cluster/projects/scottgroup/people/lucas/deeptools-pipeline/results/subsampled_k4_fwd_noRPKM/plots/subsampled_k4_fwd_noRPKM_refpoint_a10000b5000_TSS.matrix_plot.pdf
    jobid: 4
    wildcards: cohort=subsampled_k4_fwd_noRPKM, identifier=refpoint_a10000b5000_TSS
    resources: cpus=1, mem_mb=5000, time_min=60


        plotHeatmap --colorMap Blues         -m /cluster/projects/scottgroup/people/lucas/deeptools-pipeline/results/subsampled_k4_fwd_noRPKM/matrices/subsampled_k4_fwd_noRPKM_refpoint_a10000b5000_TSS.matrix.gz         -o /cluster/projects/scottgroup/people/lucas/deeptools-pipeline/results/subsampled_k4_fwd_noRPKM/plots/subsampled_k4_fwd_noRPKM_refpoint_a10000b5000_TSS.matrix_plot.pdf
        
Submitted job 4 with external jobid 'Submitted batch job 7896803'.

[Thu Feb  2 21:41:22 2023]
rule plot:
    input: /cluster/projects/scottgroup/people/lucas/deeptools-pipeline/results/subsampled_k27_fwd_RPKM/matrices/subsampled_k27_fwd_RPKM_refpoint_a10000b5000_TSS.matrix.gz
    output: /cluster/projects/scottgroup/people/lucas/deeptools-pipeline/results/subsampled_k27_fwd_RPKM/plots/subsampled_k27_fwd_RPKM_refpoint_a10000b5000_TSS.matrix_plot.pdf
    jobid: 1
    wildcards: cohort=subsampled_k27_fwd_RPKM, identifier=refpoint_a10000b5000_TSS
    resources: cpus=1, mem_mb=5000, time_min=60


        plotHeatmap --colorMap Blues         -m /cluster/projects/scottgroup/people/lucas/deeptools-pipeline/results/subsampled_k27_fwd_RPKM/matrices/subsampled_k27_fwd_RPKM_refpoint_a10000b5000_TSS.matrix.gz         -o /cluster/projects/scottgroup/people/lucas/deeptools-pipeline/results/subsampled_k27_fwd_RPKM/plots/subsampled_k27_fwd_RPKM_refpoint_a10000b5000_TSS.matrix_plot.pdf
        
Submitted job 1 with external jobid 'Submitted batch job 7896804'.

[Thu Feb  2 21:41:22 2023]
rule plot:
    input: /cluster/projects/scottgroup/people/lucas/deeptools-pipeline/results/subsampled_k4_fwd_RPKM/matrices/subsampled_k4_fwd_RPKM_refpoint_a10000b5000_TSS.matrix.gz
    output: /cluster/projects/scottgroup/people/lucas/deeptools-pipeline/results/subsampled_k4_fwd_RPKM/plots/subsampled_k4_fwd_RPKM_refpoint_a10000b5000_TSS.matrix_plot.pdf
    jobid: 3
    wildcards: cohort=subsampled_k4_fwd_RPKM, identifier=refpoint_a10000b5000_TSS
    resources: cpus=1, mem_mb=5000, time_min=60


        plotHeatmap --colorMap Blues         -m /cluster/projects/scottgroup/people/lucas/deeptools-pipeline/results/subsampled_k4_fwd_RPKM/matrices/subsampled_k4_fwd_RPKM_refpoint_a10000b5000_TSS.matrix.gz         -o /cluster/projects/scottgroup/people/lucas/deeptools-pipeline/results/subsampled_k4_fwd_RPKM/plots/subsampled_k4_fwd_RPKM_refpoint_a10000b5000_TSS.matrix_plot.pdf
        
Submitted job 3 with external jobid 'Submitted batch job 7896805'.

[Thu Feb  2 21:41:22 2023]
rule plot:
    input: /cluster/projects/scottgroup/people/lucas/deeptools-pipeline/results/subsampled_k27_fwd_noRPKM/matrices/subsampled_k27_fwd_noRPKM_refpoint_a10000b5000_TSS.matrix.gz
    output: /cluster/projects/scottgroup/people/lucas/deeptools-pipeline/results/subsampled_k27_fwd_noRPKM/plots/subsampled_k27_fwd_noRPKM_refpoint_a10000b5000_TSS.matrix_plot.pdf
    jobid: 2
    wildcards: cohort=subsampled_k27_fwd_noRPKM, identifier=refpoint_a10000b5000_TSS
    resources: cpus=1, mem_mb=5000, time_min=60


        plotHeatmap --colorMap Blues         -m /cluster/projects/scottgroup/people/lucas/deeptools-pipeline/results/subsampled_k27_fwd_noRPKM/matrices/subsampled_k27_fwd_noRPKM_refpoint_a10000b5000_TSS.matrix.gz         -o /cluster/projects/scottgroup/people/lucas/deeptools-pipeline/results/subsampled_k27_fwd_noRPKM/plots/subsampled_k27_fwd_noRPKM_refpoint_a10000b5000_TSS.matrix_plot.pdf
        
Submitted job 2 with external jobid 'Submitted batch job 7896806'.
[Thu Feb  2 21:43:12 2023]
Finished job 1.
1 of 5 steps (20%) done
[Thu Feb  2 21:43:12 2023]
Finished job 3.
2 of 5 steps (40%) done
[Thu Feb  2 21:43:12 2023]
Finished job 2.
3 of 5 steps (60%) done
[Thu Feb  2 21:43:23 2023]
Finished job 4.
4 of 5 steps (80%) done

[Thu Feb  2 21:43:23 2023]
localrule all:
    input: /cluster/projects/scottgroup/people/lucas/deeptools-pipeline/results/subsampled_k27_fwd_RPKM/plots/subsampled_k27_fwd_RPKM_refpoint_a10000b5000_TSS.matrix_plot.pdf, /cluster/projects/scottgroup/people/lucas/deeptools-pipeline/results/subsampled_k27_fwd_RPKM/plots/subsampled_k27_fwd_RPKM_refpoint_a10000b5000_TSS.matrix_plot.pdf, /cluster/projects/scottgroup/people/lucas/deeptools-pipeline/results/subsampled_k27_fwd_RPKM/plots/subsampled_k27_fwd_RPKM_refpoint_a10000b5000_TSS.matrix_plot.pdf, /cluster/projects/scottgroup/people/lucas/deeptools-pipeline/results/subsampled_k27_fwd_noRPKM/plots/subsampled_k27_fwd_noRPKM_refpoint_a10000b5000_TSS.matrix_plot.pdf, /cluster/projects/scottgroup/people/lucas/deeptools-pipeline/results/subsampled_k27_fwd_noRPKM/plots/subsampled_k27_fwd_noRPKM_refpoint_a10000b5000_TSS.matrix_plot.pdf, /cluster/projects/scottgroup/people/lucas/deeptools-pipeline/results/subsampled_k27_fwd_noRPKM/plots/subsampled_k27_fwd_noRPKM_refpoint_a10000b5000_TSS.matrix_plot.pdf, /cluster/projects/scottgroup/people/lucas/deeptools-pipeline/results/subsampled_k4_fwd_RPKM/plots/subsampled_k4_fwd_RPKM_refpoint_a10000b5000_TSS.matrix_plot.pdf, /cluster/projects/scottgroup/people/lucas/deeptools-pipeline/results/subsampled_k4_fwd_RPKM/plots/subsampled_k4_fwd_RPKM_refpoint_a10000b5000_TSS.matrix_plot.pdf, /cluster/projects/scottgroup/people/lucas/deeptools-pipeline/results/subsampled_k4_fwd_RPKM/plots/subsampled_k4_fwd_RPKM_refpoint_a10000b5000_TSS.matrix_plot.pdf, /cluster/projects/scottgroup/people/lucas/deeptools-pipeline/results/subsampled_k4_fwd_noRPKM/plots/subsampled_k4_fwd_noRPKM_refpoint_a10000b5000_TSS.matrix_plot.pdf, /cluster/projects/scottgroup/people/lucas/deeptools-pipeline/results/subsampled_k4_fwd_noRPKM/plots/subsampled_k4_fwd_noRPKM_refpoint_a10000b5000_TSS.matrix_plot.pdf, /cluster/projects/scottgroup/people/lucas/deeptools-pipeline/results/subsampled_k4_fwd_noRPKM/plots/subsampled_k4_fwd_noRPKM_refpoint_a10000b5000_TSS.matrix_plot.pdf
    jobid: 0
    resources: cpus=2, mem_mb=25000, time_min=180

[Thu Feb  2 21:43:23 2023]
Finished job 0.
5 of 5 steps (100%) done
Complete log: /cluster/home/t116306uhn/workflows/deeptools-pipeline/.snakemake/log/2023-02-02T214118.660810.snakemake.log
